0 silly argv {
0 silly argv   _: [ 'create' ],
0 silly argv   lernaVersion: '7.4.2',
0 silly argv   '$0': 'C:\\Users\\rames\\AppData\\Roaming\\npm\\node_modules\\lerna\\dist\\cli.js',
0 silly argv   name: 'frontend'
0 silly argv }
1 notice cli v7.4.2
2 verbose packageConfigs Resolving packages based on package.json "workspaces" configuration.
3 verbose rootPath C:\Users\rames\OneDrive\Documents\GitHub\Analystt.ai\Lerna
4 warn ENOREMOTE No git remote found, skipping repository property
5 error Error: canceled
5 error     at Interface.<anonymous> (C:\Users\rames\OneDrive\Documents\GitHub\Analystt.ai\Lerna\node_modules\read\lib\read.js:79:15)
5 error     at Interface.emit (node:events:527:28)
5 error     at Interface._ttyWrite (node:readline:1081:16)
5 error     at ReadStream.onkeypress (node:readline:288:10)
5 error     at ReadStream.emit (node:events:527:28)
5 error     at emitKeys (node:internal/readline/utils:358:14)
5 error     at emitKeys.next (<anonymous>)
5 error     at ReadStream.onData (node:internal/readline/emitKeypressEvents:61:36)
5 error     at ReadStream.emit (node:events:527:28)
